<?xml version="1.0" encoding="UTF-8"?>
<!-- Generated by org.testng.reporters.JUnitXMLReporter -->
<testsuite ignored="0" hostname="LAPTOP-A4GKCSC0" failures="0" tests="11" name="Default test" time="135.525" errors="0" timestamp="2021-09-27T14:13:22 IST">
  <testcase classname="Test.TC010" name="kidsbookShelf" time="10.978"/>
  <testcase classname="Test.TC002" name="wishlist" time="18.189"/>
  <testcase classname="Test.TC003" name="addtocart" time="13.411"/>
  <testcase classname="Test.TC006" name="gamingChair" time="6.549"/>
  <testcase classname="Test.TC007" name="stores" time="6.528"/>
  <testcase classname="Test.TC001" name="login" time="15.814"/>
  <testcase classname="Test.TC001" name="login" time="14.537"/>
  <testcase classname="Test.TC004" name="bookshelf" time="10.717"/>
  <testcase classname="Test.TC008" name="woodenSofa" time="13.772"/>
  <testcase classname="Test.TC005" name="doublebed" time="13.767"/>
  <testcase classname="Test.TC009" name="navigate" time="10.169"/>
</testsuite> <!-- Default test -->
