<?xml version="1.0" encoding="UTF-8"?>
<!-- Generated by org.testng.reporters.JUnitXMLReporter -->
<testsuite ignored="0" hostname="LAPTOP-A4GKCSC0" failures="0" tests="11" name="Test" time="131.267" errors="0" timestamp="2021-09-27T13:53:39 IST">
  <testcase classname="Test.TC007" name="stores" time="6.835"/>
  <testcase classname="Test.TC008" name="woodenSofa" time="10.126"/>
  <testcase classname="Test.TC005" name="doublebed" time="14.254"/>
  <testcase classname="Test.TC006" name="gamingChair" time="6.691"/>
  <testcase classname="Test.TC003" name="addtocart" time="16.041"/>
  <testcase classname="Test.TC004" name="bookshelf" time="10.049"/>
  <testcase classname="Test.TC001" name="login" time="14.529"/>
  <testcase classname="Test.TC001" name="login" time="14.095"/>
  <testcase classname="Test.TC002" name="wishlist" time="19.104"/>
  <testcase classname="Test.TC010" name="kidsbookShelf" time="7.592"/>
  <testcase classname="Test.TC009" name="navigate" time="11.31"/>
</testsuite> <!-- Test -->
