<?xml version="1.0" encoding="UTF-8"?>
<testng-results ignored="0" total="11" passed="11" failed="0" skipped="0">
  <reporter-output>
  </reporter-output>
  <suite started-at="2021-09-27T14:11:06 IST" name="Default suite" finished-at="2021-09-27T14:13:22 IST" duration-ms="135525">
    <groups>
    </groups>
    <test started-at="2021-09-27T14:11:06 IST" name="Default test" finished-at="2021-09-27T14:13:22 IST" duration-ms="135525">
      <class name="Test.TC010">
        <test-method signature="kidsbookShelf()[pri:0, instance:Test.TC010@149dd36b]" started-at="2021-09-27T14:11:06 IST" name="kidsbookShelf" finished-at="2021-09-27T14:11:17 IST" duration-ms="10978" status="PASS">
          <reporter-output>
          </reporter-output>
        </test-method> <!-- kidsbookShelf -->
      </class> <!-- Test.TC010 -->
      <class name="Test.TC001">
        <test-method signature="login(java.lang.String, java.lang.String)[pri:0, instance:Test.TC001@38831718]" started-at="2021-09-27T14:12:03 IST" name="login" data-provider="getdata" finished-at="2021-09-27T14:12:19 IST" duration-ms="15814" status="PASS">
          <params>
            <param index="0">
              <value>
                <![CDATA[datatesting288@gmail.com]]>
              </value>
            </param>
            <param index="1">
              <value>
                <![CDATA[Testing@288]]>
              </value>
            </param>
          </params>
          <reporter-output>
          </reporter-output>
        </test-method> <!-- login -->
        <test-method signature="login(java.lang.String, java.lang.String)[pri:0, instance:Test.TC001@38831718]" started-at="2021-09-27T14:12:19 IST" name="login" data-provider="getdata" finished-at="2021-09-27T14:12:33 IST" duration-ms="14537" status="PASS">
          <params>
            <param index="0">
              <value>
                <![CDATA[invalidusername@gmail.com]]>
              </value>
            </param>
            <param index="1">
              <value>
                <![CDATA[Testing]]>
              </value>
            </param>
          </params>
          <reporter-output>
          </reporter-output>
        </test-method> <!-- login -->
      </class> <!-- Test.TC001 -->
      <class name="Test.TC002">
        <test-method signature="wishlist()[pri:0, instance:Test.TC002@2c1156a7]" started-at="2021-09-27T14:11:17 IST" name="wishlist" finished-at="2021-09-27T14:11:35 IST" duration-ms="18189" status="PASS">
          <reporter-output>
          </reporter-output>
        </test-method> <!-- wishlist -->
      </class> <!-- Test.TC002 -->
      <class name="Test.TC003">
        <test-method signature="addtocart()[pri:0, instance:Test.TC003@33fe57a9]" started-at="2021-09-27T14:11:35 IST" name="addtocart" finished-at="2021-09-27T14:11:49 IST" duration-ms="13411" status="PASS">
          <reporter-output>
          </reporter-output>
        </test-method> <!-- addtocart -->
      </class> <!-- Test.TC003 -->
      <class name="Test.TC004">
        <test-method signature="bookshelf()[pri:0, instance:Test.TC004@4982cc36]" started-at="2021-09-27T14:12:33 IST" name="bookshelf" finished-at="2021-09-27T14:12:44 IST" duration-ms="10717" status="PASS">
          <reporter-output>
          </reporter-output>
        </test-method> <!-- bookshelf -->
      </class> <!-- Test.TC004 -->
      <class name="Test.TC005">
        <test-method signature="doublebed()[pri:0, instance:Test.TC005@691939c9]" started-at="2021-09-27T14:12:58 IST" name="doublebed" finished-at="2021-09-27T14:13:11 IST" duration-ms="13767" status="PASS">
          <reporter-output>
          </reporter-output>
        </test-method> <!-- doublebed -->
      </class> <!-- Test.TC005 -->
      <class name="Test.TC006">
        <test-method signature="gamingChair()[pri:0, instance:Test.TC006@4f1bfe23]" started-at="2021-09-27T14:11:49 IST" name="gamingChair" finished-at="2021-09-27T14:11:55 IST" duration-ms="6549" status="PASS">
          <reporter-output>
          </reporter-output>
        </test-method> <!-- gamingChair -->
      </class> <!-- Test.TC006 -->
      <class name="Test.TC007">
        <test-method signature="stores()[pri:0, instance:Test.TC007@e19bb76]" started-at="2021-09-27T14:11:55 IST" name="stores" finished-at="2021-09-27T14:12:02 IST" duration-ms="6528" status="PASS">
          <reporter-output>
          </reporter-output>
        </test-method> <!-- stores -->
      </class> <!-- Test.TC007 -->
      <class name="Test.TC008">
        <test-method signature="woodenSofa()[pri:0, instance:Test.TC008@512535ff]" started-at="2021-09-27T14:12:44 IST" name="woodenSofa" finished-at="2021-09-27T14:12:58 IST" duration-ms="13772" status="PASS">
          <reporter-output>
          </reporter-output>
        </test-method> <!-- woodenSofa -->
      </class> <!-- Test.TC008 -->
      <class name="Test.TC009">
        <test-method signature="navigate()[pri:0, instance:Test.TC009@71529963]" started-at="2021-09-27T14:13:11 IST" name="navigate" finished-at="2021-09-27T14:13:22 IST" duration-ms="10169" status="PASS">
          <reporter-output>
          </reporter-output>
        </test-method> <!-- navigate -->
      </class> <!-- Test.TC009 -->
    </test> <!-- Default test -->
  </suite> <!-- Default suite -->
</testng-results>
